<?xml version="1.0" encoding="UTF-8"?>
<!-- Generated by org.testng.reporters.JUnitReportReporter -->
<testsuite hostname="DESKTOP-NN9SQG8" failures="0" tests="1" name="test.Guru99ExactTestCase" time="7.428" errors="0" timestamp="2021-06-21T06:09:33 GMT-06:00" skipped="0">
  <testcase classname="test.Guru99ExactTestCase" name="Testpages" time="7.428"/>
  <system-out/>
</testsuite> <!-- test.Guru99ExactTestCase -->
